{"sessionId":"85f774","location":"RenderTarget.cpp:renderToTarget","message":"entry","data":{"type":3},"timestamp":11690125,"hypothesisId":"A"}
{"sessionId":"85f774","location":"RenderTarget.cpp:after_switch","message":"after switch","data":{"vertexCount":18},"timestamp":11690126,"hypothesisId":"B"}
{"sessionId":"85f774","location":"RenderTarget.cpp:buffer_ready","message":"buffer ready","data":{},"timestamp":11690127,"hypothesisId":"C"}
{"sessionId":"85f774","location":"RenderTarget.cpp:renderToTarget","message":"entry","data":{"type":3},"timestamp":11944759,"hypothesisId":"A"}
{"sessionId":"85f774","location":"RenderTarget.cpp:after_switch","message":"after switch","data":{"vertexCount":18},"timestamp":11944759,"hypothesisId":"B"}
{"sessionId":"85f774","location":"RenderTarget.cpp:buffer_ready","message":"buffer ready","data":{},"timestamp":11944761,"hypothesisId":"C"}
{"sessionId":"85f774","location":"RenderTarget.cpp:renderToTarget","message":"entry","data":{"type":3},"timestamp":12108117,"hypothesisId":"A"}
{"sessionId":"85f774","location":"RenderTarget.cpp:after_switch","message":"after switch","data":{"vertexCount":18},"timestamp":12108118,"hypothesisId":"B"}
{"sessionId":"85f774","location":"RenderTarget.cpp:buffer_ready","message":"buffer ready","data":{},"timestamp":12108119,"hypothesisId":"C"}
{"sessionId":"85f774","location":"RenderTarget.cpp:after_setOutputBuffer","message":"after setOutputBuffer","data":{},"timestamp":12108120,"hypothesisId":"C1"}
{"sessionId":"85f774","location":"RenderTarget.cpp:before_vertex_loop","message":"before vertex loop","data":{},"timestamp":12108122,"hypothesisId":"C2"}
{"sessionId":"85f774","location":"RenderTarget.cpp:renderToTarget","message":"entry","data":{"type":3},"timestamp":12330897,"hypothesisId":"A"}
{"sessionId":"85f774","location":"RenderTarget.cpp:after_switch","message":"after switch","data":{"vertexCount":18},"timestamp":12330898,"hypothesisId":"B"}
{"sessionId":"85f774","location":"RenderTarget.cpp:buffer_ready","message":"buffer ready","data":{},"timestamp":12330900,"hypothesisId":"C"}
{"sessionId":"85f774","location":"RenderTarget.cpp:after_setOutputBuffer","message":"after setOutputBuffer","data":{},"timestamp":12330900,"hypothesisId":"C1"}
{"sessionId":"85f774","location":"RenderTarget.cpp:before_vertex_loop","message":"before vertex loop","data":{},"timestamp":12330903,"hypothesisId":"C2"}
{"sessionId":"85f774","location":"RenderTarget.cpp:renderToTarget","message":"entry","data":{"type":3},"timestamp":13295637,"hypothesisId":"A"}
{"sessionId":"85f774","location":"RenderTarget.cpp:after_switch","message":"after switch","data":{"vertexCount":18},"timestamp":13295638,"hypothesisId":"B"}
{"sessionId":"85f774","location":"RenderTarget.cpp:buffer_ready","message":"buffer ready","data":{},"timestamp":13295639,"hypothesisId":"C"}
{"sessionId":"85f774","location":"RenderTarget.cpp:after_setOutputBuffer","message":"after setOutputBuffer","data":{},"timestamp":13295640,"hypothesisId":"C1"}
{"sessionId":"85f774","location":"RenderTarget.cpp:before_vertex_loop","message":"before vertex loop","data":{},"timestamp":13295642,"hypothesisId":"C2"}
{"sessionId":"85f774","location":"RenderTarget.cpp:renderToTarget","message":"entry","data":{"type":3},"timestamp":13577130,"hypothesisId":"A"}
{"sessionId":"85f774","location":"RenderTarget.cpp:after_switch","message":"after switch","data":{"vertexCount":18},"timestamp":13577131,"hypothesisId":"B"}
{"sessionId":"85f774","location":"RenderTarget.cpp:buffer_ready","message":"buffer ready","data":{},"timestamp":13577132,"hypothesisId":"C"}
{"sessionId":"85f774","location":"RenderTarget.cpp:after_setOutputBuffer","message":"after setOutputBuffer","data":{},"timestamp":13577133,"hypothesisId":"C1"}
{"sessionId":"85f774","location":"RenderTarget.cpp:before_vertex_loop","message":"before vertex loop","data":{},"timestamp":13577135,"hypothesisId":"C2"}
{"sessionId":"85f774","location":"RenderTarget.cpp:after_first_vertex","message":"after first vertex","data":{},"timestamp":13577135,"hypothesisId":"F"}
{"sessionId":"85f774","location":"RenderTarget.cpp:before_startRenderPass","message":"before startRenderPass","data":{},"timestamp":13577136,"hypothesisId":"E"}
{"sessionId":"85f774","location":"Execution.cpp:before_commit","message":"before commit","data":{},"timestamp":13577163,"hypothesisId":"D"}
{"sessionId":"85f774","location":"RenderTarget.cpp:commit_start","message":"commit start","data":{},"timestamp":13577164,"hypothesisId":"D"}
{"sessionId":"85f774","location":"RenderTarget.cpp:renderToTarget","message":"entry","data":{"type":3},"timestamp":13577248,"hypothesisId":"A"}
{"sessionId":"85f774","location":"RenderTarget.cpp:after_switch","message":"after switch","data":{"vertexCount":18},"timestamp":13577249,"hypothesisId":"B"}
{"sessionId":"85f774","location":"RenderTarget.cpp:buffer_ready","message":"buffer ready","data":{},"timestamp":13577249,"hypothesisId":"C"}
{"sessionId":"85f774","location":"RenderTarget.cpp:after_setOutputBuffer","message":"after setOutputBuffer","data":{},"timestamp":13577250,"hypothesisId":"C1"}
{"sessionId":"85f774","location":"RenderTarget.cpp:before_vertex_loop","message":"before vertex loop","data":{},"timestamp":13577252,"hypothesisId":"C2"}
{"sessionId":"85f774","location":"RenderTarget.cpp:after_first_vertex","message":"after first vertex","data":{},"timestamp":13577253,"hypothesisId":"F"}
{"sessionId":"85f774","location":"RenderTarget.cpp:before_startRenderPass","message":"before startRenderPass","data":{},"timestamp":13577253,"hypothesisId":"E"}
{"sessionId":"85f774","location":"Execution.cpp:before_commit","message":"before commit","data":{},"timestamp":13577254,"hypothesisId":"D"}
{"sessionId":"85f774","location":"RenderTarget.cpp:commit_start","message":"commit start","data":{},"timestamp":13577255,"hypothesisId":"D"}
{"sessionId":"85f774","location":"RenderTarget.cpp:renderToTarget","message":"entry","data":{"type":3},"timestamp":13577281,"hypothesisId":"A"}
{"sessionId":"85f774","location":"RenderTarget.cpp:after_switch","message":"after switch","data":{"vertexCount":18},"timestamp":13577282,"hypothesisId":"B"}
{"sessionId":"85f774","location":"RenderTarget.cpp:buffer_ready","message":"buffer ready","data":{},"timestamp":13577283,"hypothesisId":"C"}
{"sessionId":"85f774","location":"RenderTarget.cpp:after_setOutputBuffer","message":"after setOutputBuffer","data":{},"timestamp":13577284,"hypothesisId":"C1"}
{"sessionId":"85f774","location":"RenderTarget.cpp:before_vertex_loop","message":"before vertex loop","data":{},"timestamp":13577286,"hypothesisId":"C2"}
{"sessionId":"85f774","location":"RenderTarget.cpp:after_first_vertex","message":"after first vertex","data":{},"timestamp":13577287,"hypothesisId":"F"}
{"sessionId":"85f774","location":"RenderTarget.cpp:before_startRenderPass","message":"before startRenderPass","data":{},"timestamp":13577287,"hypothesisId":"E"}
{"sessionId":"85f774","location":"Execution.cpp:before_commit","message":"before commit","data":{},"timestamp":13577288,"hypothesisId":"D"}
{"sessionId":"85f774","location":"RenderTarget.cpp:commit_start","message":"commit start","data":{},"timestamp":13577289,"hypothesisId":"D"}
{"sessionId":"85f774","location":"RenderTarget.cpp:renderToTarget","message":"entry","data":{"type":1},"timestamp":13577612,"hypothesisId":"A"}
{"sessionId":"85f774","location":"RenderTarget.cpp:after_switch","message":"after switch","data":{"vertexCount":1926},"timestamp":13577619,"hypothesisId":"B"}
{"sessionId":"85f774","location":"RenderTarget.cpp:buffer_ready","message":"buffer ready","data":{},"timestamp":13577621,"hypothesisId":"C"}
{"sessionId":"85f774","location":"RenderTarget.cpp:after_setOutputBuffer","message":"after setOutputBuffer","data":{},"timestamp":13577621,"hypothesisId":"C1"}
{"sessionId":"85f774","location":"RenderTarget.cpp:before_vertex_loop","message":"before vertex loop","data":{},"timestamp":13577623,"hypothesisId":"C2"}
{"sessionId":"85f774","location":"RenderTarget.cpp:after_first_vertex","message":"after first vertex","data":{},"timestamp":13577624,"hypothesisId":"F"}
{"sessionId":"85f774","location":"RenderTarget.cpp:before_startRenderPass","message":"before startRenderPass","data":{},"timestamp":13577628,"hypothesisId":"E"}
{"sessionId":"85f774","location":"Execution.cpp:before_commit","message":"before commit","data":{},"timestamp":13577629,"hypothesisId":"D"}
{"sessionId":"85f774","location":"RenderTarget.cpp:commit_start","message":"commit start","data":{},"timestamp":13577629,"hypothesisId":"D"}
{"sessionId":"85f774","location":"RenderTarget.cpp:renderToTarget","message":"entry","data":{"type":1},"timestamp":13577779,"hypothesisId":"A"}
{"sessionId":"85f774","location":"RenderTarget.cpp:after_switch","message":"after switch","data":{"vertexCount":1926},"timestamp":13577785,"hypothesisId":"B"}
{"sessionId":"85f774","location":"RenderTarget.cpp:buffer_ready","message":"buffer ready","data":{},"timestamp":13577786,"hypothesisId":"C"}
{"sessionId":"85f774","location":"RenderTarget.cpp:after_setOutputBuffer","message":"after setOutputBuffer","data":{},"timestamp":13577786,"hypothesisId":"C1"}
{"sessionId":"85f774","location":"RenderTarget.cpp:before_vertex_loop","message":"before vertex loop","data":{},"timestamp":13577789,"hypothesisId":"C2"}
{"sessionId":"85f774","location":"RenderTarget.cpp:after_first_vertex","message":"after first vertex","data":{},"timestamp":13577789,"hypothesisId":"F"}
{"sessionId":"85f774","location":"RenderTarget.cpp:before_startRenderPass","message":"before startRenderPass","data":{},"timestamp":13577793,"hypothesisId":"E"}
{"sessionId":"85f774","location":"Execution.cpp:before_commit","message":"before commit","data":{},"timestamp":13577794,"hypothesisId":"D"}
{"sessionId":"85f774","location":"RenderTarget.cpp:commit_start","message":"commit start","data":{},"timestamp":13577795,"hypothesisId":"D"}
{"sessionId":"85f774","location":"RenderTarget.cpp:renderToTarget","message":"entry","data":{"type":1},"timestamp":13577814,"hypothesisId":"A"}
{"sessionId":"85f774","location":"RenderTarget.cpp:after_switch","message":"after switch","data":{"vertexCount":1926},"timestamp":13577820,"hypothesisId":"B"}
{"sessionId":"85f774","location":"RenderTarget.cpp:buffer_ready","message":"buffer ready","data":{},"timestamp":13577821,"hypothesisId":"C"}
{"sessionId":"85f774","location":"RenderTarget.cpp:after_setOutputBuffer","message":"after setOutputBuffer","data":{},"timestamp":13577821,"hypothesisId":"C1"}
{"sessionId":"85f774","location":"RenderTarget.cpp:before_vertex_loop","message":"before vertex loop","data":{},"timestamp":13577823,"hypothesisId":"C2"}
{"sessionId":"85f774","location":"RenderTarget.cpp:after_first_vertex","message":"after first vertex","data":{},"timestamp":13577824,"hypothesisId":"F"}
{"sessionId":"85f774","location":"RenderTarget.cpp:before_startRenderPass","message":"before startRenderPass","data":{},"timestamp":13577829,"hypothesisId":"E"}
{"sessionId":"85f774","location":"Execution.cpp:before_commit","message":"before commit","data":{},"timestamp":13577830,"hypothesisId":"D"}
{"sessionId":"85f774","location":"RenderTarget.cpp:commit_start","message":"commit start","data":{},"timestamp":13577830,"hypothesisId":"D"}
{"sessionId":"85f774","location":"RenderTarget.cpp:renderToTarget","message":"entry","data":{"type":1},"timestamp":13577838,"hypothesisId":"A"}
{"sessionId":"85f774","location":"RenderTarget.cpp:after_switch","message":"after switch","data":{"vertexCount":1926},"timestamp":13577846,"hypothesisId":"B"}
{"sessionId":"85f774","location":"RenderTarget.cpp:buffer_ready","message":"buffer ready","data":{},"timestamp":13577846,"hypothesisId":"C"}
{"sessionId":"85f774","location":"RenderTarget.cpp:after_setOutputBuffer","message":"after setOutputBuffer","data":{},"timestamp":13577847,"hypothesisId":"C1"}
{"sessionId":"85f774","location":"RenderTarget.cpp:before_vertex_loop","message":"before vertex loop","data":{},"timestamp":13577849,"hypothesisId":"C2"}
{"sessionId":"85f774","location":"RenderTarget.cpp:after_first_vertex","message":"after first vertex","data":{},"timestamp":13577849,"hypothesisId":"F"}
{"sessionId":"85f774","location":"RenderTarget.cpp:before_startRenderPass","message":"before startRenderPass","data":{},"timestamp":13577854,"hypothesisId":"E"}
{"sessionId":"85f774","location":"Execution.cpp:before_commit","message":"before commit","data":{},"timestamp":13577854,"hypothesisId":"D"}
{"sessionId":"85f774","location":"RenderTarget.cpp:commit_start","message":"commit start","data":{},"timestamp":13577855,"hypothesisId":"D"}
{"sessionId":"85f774","location":"RenderTarget.cpp:renderToTarget","message":"entry","data":{"type":3},"timestamp":13930163,"hypothesisId":"A"}
{"sessionId":"85f774","location":"RenderTarget.cpp:after_switch","message":"after switch","data":{"vertexCount":18},"timestamp":13930164,"hypothesisId":"B"}
{"sessionId":"85f774","location":"RenderTarget.cpp:buffer_ready","message":"buffer ready","data":{},"timestamp":13930165,"hypothesisId":"C"}
{"sessionId":"85f774","location":"RenderTarget.cpp:after_setOutputBuffer","message":"after setOutputBuffer","data":{},"timestamp":13930166,"hypothesisId":"C1"}
{"sessionId":"85f774","location":"RenderTarget.cpp:before_vertex_loop","message":"before vertex loop","data":{},"timestamp":13930168,"hypothesisId":"C2"}
{"sessionId":"85f774","location":"RenderTarget.cpp:before_startRenderPass","message":"before startRenderPass","data":{},"timestamp":13930169,"hypothesisId":"E"}
{"sessionId":"85f774","location":"Execution.cpp:before_commit","message":"before commit","data":{},"timestamp":13930179,"hypothesisId":"D"}
{"sessionId":"85f774","location":"RenderTarget.cpp:commit_start","message":"commit start","data":{},"timestamp":13930180,"hypothesisId":"D"}
{"sessionId":"85f774","location":"RenderTarget.cpp:renderToTarget","message":"entry","data":{"type":3},"timestamp":13930227,"hypothesisId":"A"}
{"sessionId":"85f774","location":"RenderTarget.cpp:after_switch","message":"after switch","data":{"vertexCount":18},"timestamp":13930228,"hypothesisId":"B"}
{"sessionId":"85f774","location":"RenderTarget.cpp:buffer_ready","message":"buffer ready","data":{},"timestamp":13930228,"hypothesisId":"C"}
{"sessionId":"85f774","location":"RenderTarget.cpp:after_setOutputBuffer","message":"after setOutputBuffer","data":{},"timestamp":13930229,"hypothesisId":"C1"}
{"sessionId":"85f774","location":"RenderTarget.cpp:before_vertex_loop","message":"before vertex loop","data":{},"timestamp":13930231,"hypothesisId":"C2"}
{"sessionId":"85f774","location":"RenderTarget.cpp:before_startRenderPass","message":"before startRenderPass","data":{},"timestamp":13930232,"hypothesisId":"E"}
{"sessionId":"85f774","location":"Execution.cpp:before_commit","message":"before commit","data":{},"timestamp":13930232,"hypothesisId":"D"}
{"sessionId":"85f774","location":"RenderTarget.cpp:commit_start","message":"commit start","data":{},"timestamp":13930233,"hypothesisId":"D"}
{"sessionId":"85f774","location":"RenderTarget.cpp:renderToTarget","message":"entry","data":{"type":3},"timestamp":13930260,"hypothesisId":"A"}
{"sessionId":"85f774","location":"RenderTarget.cpp:after_switch","message":"after switch","data":{"vertexCount":18},"timestamp":13930261,"hypothesisId":"B"}
{"sessionId":"85f774","location":"RenderTarget.cpp:buffer_ready","message":"buffer ready","data":{},"timestamp":13930262,"hypothesisId":"C"}
{"sessionId":"85f774","location":"RenderTarget.cpp:after_setOutputBuffer","message":"after setOutputBuffer","data":{},"timestamp":13930262,"hypothesisId":"C1"}
{"sessionId":"85f774","location":"RenderTarget.cpp:before_vertex_loop","message":"before vertex loop","data":{},"timestamp":13930264,"hypothesisId":"C2"}
{"sessionId":"85f774","location":"RenderTarget.cpp:before_startRenderPass","message":"before startRenderPass","data":{},"timestamp":13930265,"hypothesisId":"E"}
{"sessionId":"85f774","location":"Execution.cpp:before_commit","message":"before commit","data":{},"timestamp":13930266,"hypothesisId":"D"}
{"sessionId":"85f774","location":"RenderTarget.cpp:commit_start","message":"commit start","data":{},"timestamp":13930267,"hypothesisId":"D"}
{"sessionId":"85f774","location":"RenderTarget.cpp:renderToTarget","message":"entry","data":{"type":1},"timestamp":13930608,"hypothesisId":"A"}
{"sessionId":"85f774","location":"RenderTarget.cpp:after_switch","message":"after switch","data":{"vertexCount":1926},"timestamp":13930615,"hypothesisId":"B"}
{"sessionId":"85f774","location":"RenderTarget.cpp:buffer_ready","message":"buffer ready","data":{},"timestamp":13930616,"hypothesisId":"C"}
{"sessionId":"85f774","location":"RenderTarget.cpp:after_setOutputBuffer","message":"after setOutputBuffer","data":{},"timestamp":13930616,"hypothesisId":"C1"}
{"sessionId":"85f774","location":"RenderTarget.cpp:before_vertex_loop","message":"before vertex loop","data":{},"timestamp":13930618,"hypothesisId":"C2"}
{"sessionId":"85f774","location":"RenderTarget.cpp:before_startRenderPass","message":"before startRenderPass","data":{},"timestamp":13930623,"hypothesisId":"E"}
{"sessionId":"85f774","location":"Execution.cpp:before_commit","message":"before commit","data":{},"timestamp":13930624,"hypothesisId":"D"}
{"sessionId":"85f774","location":"RenderTarget.cpp:commit_start","message":"commit start","data":{},"timestamp":13930625,"hypothesisId":"D"}
{"sessionId":"85f774","location":"RenderTarget.cpp:renderToTarget","message":"entry","data":{"type":1},"timestamp":13930774,"hypothesisId":"A"}
{"sessionId":"85f774","location":"RenderTarget.cpp:after_switch","message":"after switch","data":{"vertexCount":1926},"timestamp":13930781,"hypothesisId":"B"}
{"sessionId":"85f774","location":"RenderTarget.cpp:buffer_ready","message":"buffer ready","data":{},"timestamp":13930782,"hypothesisId":"C"}
{"sessionId":"85f774","location":"RenderTarget.cpp:after_setOutputBuffer","message":"after setOutputBuffer","data":{},"timestamp":13930782,"hypothesisId":"C1"}
{"sessionId":"85f774","location":"RenderTarget.cpp:before_vertex_loop","message":"before vertex loop","data":{},"timestamp":13930785,"hypothesisId":"C2"}
{"sessionId":"85f774","location":"RenderTarget.cpp:before_startRenderPass","message":"before startRenderPass","data":{},"timestamp":13930788,"hypothesisId":"E"}
{"sessionId":"85f774","location":"Execution.cpp:before_commit","message":"before commit","data":{},"timestamp":13930789,"hypothesisId":"D"}
{"sessionId":"85f774","location":"RenderTarget.cpp:commit_start","message":"commit start","data":{},"timestamp":13930790,"hypothesisId":"D"}
{"sessionId":"85f774","location":"RenderTarget.cpp:renderToTarget","message":"entry","data":{"type":1},"timestamp":13930810,"hypothesisId":"A"}
{"sessionId":"85f774","location":"RenderTarget.cpp:after_switch","message":"after switch","data":{"vertexCount":1926},"timestamp":13930817,"hypothesisId":"B"}
{"sessionId":"85f774","location":"RenderTarget.cpp:buffer_ready","message":"buffer ready","data":{},"timestamp":13930817,"hypothesisId":"C"}
{"sessionId":"85f774","location":"RenderTarget.cpp:after_setOutputBuffer","message":"after setOutputBuffer","data":{},"timestamp":13930818,"hypothesisId":"C1"}
{"sessionId":"85f774","location":"RenderTarget.cpp:before_vertex_loop","message":"before vertex loop","data":{},"timestamp":13930819,"hypothesisId":"C2"}
{"sessionId":"85f774","location":"RenderTarget.cpp:before_startRenderPass","message":"before startRenderPass","data":{},"timestamp":13930824,"hypothesisId":"E"}
{"sessionId":"85f774","location":"Execution.cpp:before_commit","message":"before commit","data":{},"timestamp":13930825,"hypothesisId":"D"}
{"sessionId":"85f774","location":"RenderTarget.cpp:commit_start","message":"commit start","data":{},"timestamp":13930826,"hypothesisId":"D"}
{"sessionId":"85f774","location":"RenderTarget.cpp:renderToTarget","message":"entry","data":{"type":1},"timestamp":13930835,"hypothesisId":"A"}
{"sessionId":"85f774","location":"RenderTarget.cpp:after_switch","message":"after switch","data":{"vertexCount":1926},"timestamp":13930843,"hypothesisId":"B"}
{"sessionId":"85f774","location":"RenderTarget.cpp:buffer_ready","message":"buffer ready","data":{},"timestamp":13930854,"hypothesisId":"C"}
{"sessionId":"85f774","location":"RenderTarget.cpp:after_setOutputBuffer","message":"after setOutputBuffer","data":{},"timestamp":13930855,"hypothesisId":"C1"}
{"sessionId":"85f774","location":"RenderTarget.cpp:before_vertex_loop","message":"before vertex loop","data":{},"timestamp":13930857,"hypothesisId":"C2"}
{"sessionId":"85f774","location":"RenderTarget.cpp:before_startRenderPass","message":"before startRenderPass","data":{},"timestamp":13930863,"hypothesisId":"E"}
{"sessionId":"85f774","location":"Execution.cpp:before_commit","message":"before commit","data":{},"timestamp":13930864,"hypothesisId":"D"}
{"sessionId":"85f774","location":"RenderTarget.cpp:commit_start","message":"commit start","data":{},"timestamp":13930864,"hypothesisId":"D"}
